<?xml version="1.0" encoding="UTF-8"?>
<!-- Generated by org.testng.reporters.JUnitReportReporter -->
<testsuite hostname="DESKTOP-6NIDSHD" failures="0" tests="1" name="testCases.Tc_002LoginPage" time="4.207" errors="0" timestamp="2024-01-27T17:40:07 IST" skipped="0">
  <testcase classname="testCases.Tc_002LoginPage" name="llogin" time="4.207"/>
</testsuite> <!-- testCases.Tc_002LoginPage -->
