<?xml version="1.0" encoding="UTF-8"?>
<!-- Generated by org.testng.reporters.JUnitReportReporter -->
<testsuite hostname="DESKTOP-6NIDSHD" failures="0" tests="3" name="testCases.Tc_001AccountRegistrationPage" time="3.497" errors="0" timestamp="2024-01-27T13:10:08 IST" skipped="0">
  <testcase classname="testCases.Tc_001AccountRegistrationPage" name="rigisterButton" time="0.756"/>
  <testcase classname="testCases.Tc_001AccountRegistrationPage" name="enterRegisterDetails" time="2.615"/>
  <testcase classname="testCases.Tc_001AccountRegistrationPage" name="verifyAccDetails" time="0.126"/>
</testsuite> <!-- testCases.Tc_001AccountRegistrationPage -->
